-------------------------------------------------------------------------------
Test set: bubbleTest
-------------------------------------------------------------------------------
Tests run: 4, Failures: 1, Errors: 0, Skipped: 0, Time elapsed: 0.214 s <<< FAILURE! - in bubbleTest
reverseListTest(bubbleTest)  Time elapsed: 0.02 s  <<< FAILURE!
java.lang.AssertionError: expected:<true> but was:<false>
	at bubbleTest.reverseListTest(bubbleTest.java:80)

