<?xml version="1.0" encoding="UTF-8"?>
<testsuite xmlns:xsi="http://www.w3.org/2001/XMLSchema-instance" xsi:noNamespaceSchemaLocation="https://maven.apache.org/surefire/maven-surefire-plugin/xsd/surefire-test-report.xsd" name="bubbleTest" time="0.171" tests="4" errors="0" skipped="0" failures="0">
  <properties>
[...]
</properties>
  <testcase name="oneNumberTest" classname="bubbleTest" time="0.099"/>
  <testcase name="reverseListTest" classname="bubbleTest" time="0.015"/>
  <testcase name="emptyListTest" classname="bubbleTest" time="0.02"/>
  <testcase name="bubbleTestInt" classname="bubbleTest" time="0.026"/>
</testsuite>